#-----------------------------------------------------------
# Vivado v2017.3 (64-bit)
# SW Build 2018833 on Wed Oct  4 19:58:22 MDT 2017
# IP Build 2016188 on Wed Oct  4 21:52:56 MDT 2017
# Start of session at: Wed Jul  8 19:39:34 2020
# Process ID: 18788
# Current directory: C:/Users/Krzysztof/Dropbox/IV_term/Uklady-elektroniki-cyfrowej2/Project/memory_game/uec2_project/vivado
# Command line: vivado.exe -gui_launcher_event rodinguilauncherevent17804 C:\Users\Krzysztof\Dropbox\IV_term\Uklady-elektroniki-cyfrowej2\Project\memory_game\uec2_project\vivado\memory_game.xpr
# Log file: C:/Users/Krzysztof/Dropbox/IV_term/Uklady-elektroniki-cyfrowej2/Project/memory_game/uec2_project/vivado/vivado.log
# Journal file: C:/Users/Krzysztof/Dropbox/IV_term/Uklady-elektroniki-cyfrowej2/Project/memory_game/uec2_project/vivado\vivado.jou
#-----------------------------------------------------------
start_gui
open_project C:/Users/Krzysztof/Dropbox/IV_term/Uklady-elektroniki-cyfrowej2/Project/memory_game/uec2_project/vivado/memory_game.xpr
INFO: [ProjectBase 1-489] The host OS only allows 260 characters in a normal path. The project is stored in a path with more than 80 characters. If you experience issues with IP, Block Designs, or files not being found, please consider moving the project to a location with a shorter path. Alternately consider using the OS subst command to map part of the path to a drive letter.
Current project path is 'C:/Users/Krzysztof/Dropbox/IV_term/Uklady-elektroniki-cyfrowej2/Project/memory_game/uec2_project/vivado'
Scanning sources...
Finished scanning sources
INFO: [IP_Flow 19-234] Refreshing IP repositories
INFO: [IP_Flow 19-1704] No user IP repositories specified
INFO: [IP_Flow 19-2313] Loaded Vivado IP repository 'D:/Program_Files_Studies/Xilinx/Vivado/2017.3/data/ip'.
update_compile_order -fileset sources_1
reset_run synth_1
launch_runs impl_1 -to_step write_bitstream -jobs 8
[Wed Jul  8 19:59:21 2020] Launched synth_1...
Run output will be captured here: C:/Users/Krzysztof/Dropbox/IV_term/Uklady-elektroniki-cyfrowej2/Project/memory_game/uec2_project/vivado/memory_game.runs/synth_1/runme.log
[Wed Jul  8 19:59:21 2020] Launched impl_1...
Run output will be captured here: C:/Users/Krzysztof/Dropbox/IV_term/Uklady-elektroniki-cyfrowej2/Project/memory_game/uec2_project/vivado/memory_game.runs/impl_1/runme.log
open_hw
connect_hw_server
INFO: [Labtools 27-2285] Connecting to hw_server url TCP:localhost:3121
INFO: [Labtools 27-2222] Launching hw_server...
INFO: [Labtools 27-2221] Launch Output:

****** Xilinx hw_server v2017.3
  **** Build date : Oct  4 2017-20:12:17
    ** Copyright 1986-2017 Xilinx, Inc. All Rights Reserved.


open_hw_target
INFO: [Labtoolstcl 44-466] Opening hw_target localhost:3121/xilinx_tcf/Basys3/Digilent Basys3
ERROR: [Labtools 27-2269] No devices detected on target localhost:3121/xilinx_tcf/Basys3/Digilent Basys3.
Check cable connectivity and that the target board is powered up then
use the disconnect_hw_server and connect_hw_server to re-register this hardware target.
ERROR: [Common 17-39] 'open_hw_target' failed due to earlier errors.
disconnect_hw_server localhost:3121
connect_hw_server -url localhost:3121
INFO: [Labtools 27-2285] Connecting to hw_server url TCP:localhost:3121
current_hw_target [get_hw_targets */xilinx_tcf/Digilent/210183741546A]
ERROR: [Labtoolstcl 44-199] No matching targets found on connected servers: localhost
Resolution: If needed connect the desired target to a server and use command refresh_hw_server. Then rerun the get_hw_targets command.
ERROR: [Common 17-39] 'get_hw_targets' failed due to earlier errors.
disconnect_hw_server localhost:3121
connect_hw_server
INFO: [Labtools 27-2285] Connecting to hw_server url TCP:localhost:3121
open_hw_target
INFO: [Labtoolstcl 44-466] Opening hw_target localhost:3121/xilinx_tcf/Basys3/Digilent Basys3
ERROR: [Labtools 27-2269] No devices detected on target localhost:3121/xilinx_tcf/Basys3/Digilent Basys3.
Check cable connectivity and that the target board is powered up then
use the disconnect_hw_server and connect_hw_server to re-register this hardware target.
ERROR: [Common 17-39] 'open_hw_target' failed due to earlier errors.
ERROR: [Common 17-165] Too many positional options when parsing '-exp', please type 'close_hw_target -help' for usage info.
disconnect_hw_server localhost:3121
connect_hw_server -url localhost:3121
INFO: [Labtools 27-2285] Connecting to hw_server url TCP:localhost:3121
current_hw_target [get_hw_targets */xilinx_tcf/Digilent/210183741546A]
ERROR: [Labtoolstcl 44-199] No matching targets found on connected servers: localhost
Resolution: If needed connect the desired target to a server and use command refresh_hw_server. Then rerun the get_hw_targets command.
ERROR: [Common 17-39] 'get_hw_targets' failed due to earlier errors.
get_hw_targets
localhost:3121/xilinx_tcf/Basys3/Digilent Basys3
disconnect_hw_server localhost:3121
connect_hw_server
INFO: [Labtools 27-2285] Connecting to hw_server url TCP:localhost:3121
open_hw_target
INFO: [Labtoolstcl 44-466] Opening hw_target localhost:3121/xilinx_tcf/Basys3/Digilent Basys3
ERROR: [Labtools 27-2269] No devices detected on target localhost:3121/xilinx_tcf/Basys3/Digilent Basys3.
Check cable connectivity and that the target board is powered up then
use the disconnect_hw_server and connect_hw_server to re-register this hardware target.
ERROR: [Common 17-39] 'open_hw_target' failed due to earlier errors.
open_hw_target
INFO: [Labtoolstcl 44-466] Opening hw_target localhost:3121/xilinx_tcf/Basys3/Digilent Basys3
disconnect_hw_server localhost:3121
connect_hw_server -url localhost:3121
INFO: [Labtools 27-2285] Connecting to hw_server url TCP:localhost:3121
current_hw_target [get_hw_targets */xilinx_tcf/Digilent/210183741546A]
ERROR: [Labtoolstcl 44-199] No matching targets found on connected servers: localhost
Resolution: If needed connect the desired target to a server and use command refresh_hw_server. Then rerun the get_hw_targets command.
ERROR: [Common 17-39] 'get_hw_targets' failed due to earlier errors.
refresh_hw_server
get_hw_targets
localhost:3121/xilinx_tcf/Basys3/Digilent Basys3
disconnect_hw_server localhost:3121
connect_hw_server
INFO: [Labtools 27-2285] Connecting to hw_server url TCP:localhost:3121
open_hw_target
INFO: [Labtoolstcl 44-466] Opening hw_target localhost:3121/xilinx_tcf/Basys3/Digilent Basys3
ERROR: [Labtools 27-2269] No devices detected on target localhost:3121/xilinx_tcf/Basys3/Digilent Basys3.
Check cable connectivity and that the target board is powered up then
use the disconnect_hw_server and connect_hw_server to re-register this hardware target.
ERROR: [Common 17-39] 'open_hw_target' failed due to earlier errors.
disconnect_hw_server
connect_hw_server
INFO: [Labtools 27-2285] Connecting to hw_server url TCP:localhost:3121
localhost:3121
disconnect_hw_server localhost:3121
connect_hw_server
INFO: [Labtools 27-2285] Connecting to hw_server url TCP:localhost:3121
open_hw_target
INFO: [Labtoolstcl 44-466] Opening hw_target localhost:3121/xilinx_tcf/Basys3/Digilent Basys3
ERROR: [Labtools 27-2269] No devices detected on target localhost:3121/xilinx_tcf/Basys3/Digilent Basys3.
Check cable connectivity and that the target board is powered up then
use the disconnect_hw_server and connect_hw_server to re-register this hardware target.
ERROR: [Common 17-39] 'open_hw_target' failed due to earlier errors.
disconnect_hw_server localhost:3121
connect_hw_server -url localhost:3121
INFO: [Labtools 27-2285] Connecting to hw_server url TCP:localhost:3121
current_hw_target [get_hw_targets */xilinx_tcf/Digilent/210183741546A]
ERROR: [Labtoolstcl 44-199] No matching targets found on connected servers: localhost
Resolution: If needed connect the desired target to a server and use command refresh_hw_server. Then rerun the get_hw_targets command.
ERROR: [Common 17-39] 'get_hw_targets' failed due to earlier errors.
disconnect_hw_server localhost:3121
connect_hw_server
INFO: [Labtools 27-2285] Connecting to hw_server url TCP:localhost:3121
ERROR: [Labtoolstcl 44-494] There is no active target available for server at localhost.
 Targets(s) ", jsn-Basys3-210183741546A" may be locked by another hw_server.
disconnect_hw_server localhost:3121
connect_hw_server
INFO: [Labtools 27-2285] Connecting to hw_server url TCP:localhost:3121
open_hw_target
INFO: [Labtoolstcl 44-466] Opening hw_target localhost:3121/xilinx_tcf/Basys3/Digilent Basys3
ERROR: [Labtools 27-2269] No devices detected on target localhost:3121/xilinx_tcf/Basys3/Digilent Basys3.
Check cable connectivity and that the target board is powered up then
use the disconnect_hw_server and connect_hw_server to re-register this hardware target.
ERROR: [Common 17-39] 'open_hw_target' failed due to earlier errors.
disconnect_hw_server localhost:3121
connect_hw_server -url localhost:3121
INFO: [Labtools 27-2285] Connecting to hw_server url TCP:localhost:3121
current_hw_target [get_hw_targets */xilinx_tcf/Digilent/210183741546A]
ERROR: [Labtoolstcl 44-199] No matching targets found on connected servers: localhost
Resolution: If needed connect the desired target to a server and use command refresh_hw_server. Then rerun the get_hw_targets command.
ERROR: [Common 17-39] 'get_hw_targets' failed due to earlier errors.
disconnect_hw_server localhost:3121
connect_hw_server
INFO: [Labtools 27-2285] Connecting to hw_server url TCP:localhost:3121
open_hw_target
INFO: [Labtoolstcl 44-466] Opening hw_target localhost:3121/xilinx_tcf/Basys3/Digilent Basys3
ERROR: [Labtools 27-2269] No devices detected on target localhost:3121/xilinx_tcf/Basys3/Digilent Basys3.
Check cable connectivity and that the target board is powered up then
use the disconnect_hw_server and connect_hw_server to re-register this hardware target.
ERROR: [Common 17-39] 'open_hw_target' failed due to earlier errors.
ERROR: [Common 17-165] Too many positional options when parsing '-exp', please type 'close_hw_target -help' for usage info.
disconnect_hw_server localhost:3121
connect_hw_server -url localhost:3121
INFO: [Labtools 27-2285] Connecting to hw_server url TCP:localhost:3121
current_hw_target [get_hw_targets */xilinx_tcf/Digilent/210183741546A]
ERROR: [Labtoolstcl 44-199] No matching targets found on connected servers: localhost
Resolution: If needed connect the desired target to a server and use command refresh_hw_server. Then rerun the get_hw_targets command.
ERROR: [Common 17-39] 'get_hw_targets' failed due to earlier errors.
disconnect_hw_server localhost:3121
connect_hw_server
INFO: [Labtools 27-2285] Connecting to hw_server url TCP:localhost:3121
open_hw_target
INFO: [Labtoolstcl 44-466] Opening hw_target localhost:3121/xilinx_tcf/Basys3/Digilent Basys3
ERROR: [Labtools 27-2269] No devices detected on target localhost:3121/xilinx_tcf/Basys3/Digilent Basys3.
Check cable connectivity and that the target board is powered up then
use the disconnect_hw_server and connect_hw_server to re-register this hardware target.
ERROR: [Common 17-39] 'open_hw_target' failed due to earlier errors.
ERROR: [Common 17-165] Too many positional options when parsing '-exp', please type 'close_hw_target -help' for usage info.
disconnect_hw_server localhost:3121
connect_hw_server -url localhost:3121
INFO: [Labtools 27-2285] Connecting to hw_server url TCP:localhost:3121
current_hw_target [get_hw_targets */xilinx_tcf/Digilent/210183741546A]
ERROR: [Labtoolstcl 44-199] No matching targets found on connected servers: localhost
Resolution: If needed connect the desired target to a server and use command refresh_hw_server. Then rerun the get_hw_targets command.
ERROR: [Common 17-39] 'get_hw_targets' failed due to earlier errors.
disconnect_hw_server localhost:3121
connect_hw_server
INFO: [Labtools 27-2285] Connecting to hw_server url TCP:localhost:3121
open_hw_target
INFO: [Labtoolstcl 44-466] Opening hw_target localhost:3121/xilinx_tcf/Basys3/Digilent Basys3
ERROR: [Labtools 27-2269] No devices detected on target localhost:3121/xilinx_tcf/Basys3/Digilent Basys3.
Check cable connectivity and that the target board is powered up then
use the disconnect_hw_server and connect_hw_server to re-register this hardware target.
ERROR: [Common 17-39] 'open_hw_target' failed due to earlier errors.
disconnect_hw_server localhost:3121
connect_hw_server -url localhost:3121
INFO: [Labtools 27-2285] Connecting to hw_server url TCP:localhost:3121
current_hw_target [get_hw_targets */xilinx_tcf/Digilent/210183741546A]
ERROR: [Labtoolstcl 44-199] No matching targets found on connected servers: localhost
Resolution: If needed connect the desired target to a server and use command refresh_hw_server. Then rerun the get_hw_targets command.
ERROR: [Common 17-39] 'get_hw_targets' failed due to earlier errors.
disconnect_hw_server localhost:3121
connect_hw_server
INFO: [Labtools 27-2285] Connecting to hw_server url TCP:localhost:3121
open_hw_target
INFO: [Labtoolstcl 44-466] Opening hw_target localhost:3121/xilinx_tcf/Basys3/Digilent Basys3
ERROR: [Labtools 27-2269] No devices detected on target localhost:3121/xilinx_tcf/Basys3/Digilent Basys3.
Check cable connectivity and that the target board is powered up then
use the disconnect_hw_server and connect_hw_server to re-register this hardware target.
ERROR: [Common 17-39] 'open_hw_target' failed due to earlier errors.
INFO: [Labtools 27-2285] Connecting to hw_server url TCP:test:3121
ERROR: [Labtools 27-2223] Unable to connect to hw_server with URL "TCP:test:3121".
Resolution: 1. Check the host name, port number and network connectivity.
2. Check to ensure the hw_server is running on the target.
ERROR: [Common 17-39] 'connect_hw_server' failed due to earlier errors.
connect_hw_server
INFO: [Labtools 27-2285] Connecting to hw_server url TCP:localhost:3121
open_hw_target
INFO: [Labtoolstcl 44-466] Opening hw_target localhost:3121/xilinx_tcf/Basys3/Digilent Basys3
ERROR: [Labtools 27-2269] No devices detected on target localhost:3121/xilinx_tcf/Basys3/Digilent Basys3.
Check cable connectivity and that the target board is powered up then
use the disconnect_hw_server and connect_hw_server to re-register this hardware target.
ERROR: [Common 17-39] 'open_hw_target' failed due to earlier errors.
exit
INFO: [Common 17-206] Exiting Vivado at Wed Jul  8 20:13:06 2020...
