#-----------------------------------------------------------
# Vivado v2017.3 (64-bit)
# SW Build 2018833 on Wed Oct  4 19:58:22 MDT 2017
# IP Build 2016188 on Wed Oct  4 21:52:56 MDT 2017
# Start of session at: Tue Jul  7 22:48:16 2020
# Process ID: 11956
# Current directory: C:/Users/Krzysztof/Dropbox/IV_term/Uklady-elektroniki-cyfrowej2/Project/memory_game/uec2_project/vivado
# Command line: vivado.exe -gui_launcher_event rodinguilauncherevent10308 C:\Users\Krzysztof\Dropbox\IV_term\Uklady-elektroniki-cyfrowej2\Project\memory_game\uec2_project\vivado\memory_game.xpr
# Log file: C:/Users/Krzysztof/Dropbox/IV_term/Uklady-elektroniki-cyfrowej2/Project/memory_game/uec2_project/vivado/vivado.log
# Journal file: C:/Users/Krzysztof/Dropbox/IV_term/Uklady-elektroniki-cyfrowej2/Project/memory_game/uec2_project/vivado\vivado.jou
#-----------------------------------------------------------
start_gui
open_project C:/Users/Krzysztof/Dropbox/IV_term/Uklady-elektroniki-cyfrowej2/Project/memory_game/uec2_project/vivado/memory_game.xpr
INFO: [ProjectBase 1-489] The host OS only allows 260 characters in a normal path. The project is stored in a path with more than 80 characters. If you experience issues with IP, Block Designs, or files not being found, please consider moving the project to a location with a shorter path. Alternately consider using the OS subst command to map part of the path to a drive letter.
Current project path is 'C:/Users/Krzysztof/Dropbox/IV_term/Uklady-elektroniki-cyfrowej2/Project/memory_game/uec2_project/vivado'
Scanning sources...
Finished scanning sources
INFO: [IP_Flow 19-234] Refreshing IP repositories
INFO: [IP_Flow 19-1704] No user IP repositories specified
INFO: [IP_Flow 19-2313] Loaded Vivado IP repository 'D:/Program_Files_Studies/Xilinx/Vivado/2017.3/data/ip'.
update_compile_order -fileset sources_1
archive_project C:/Users/Krzysztof/Dropbox/IV_term/Uklady-elektroniki-cyfrowej2/Project/memory_game/uec2_project/backup/memory_game_07_07_2020.xpr.zip -temp_dir C:/Users/Krzysztof/Dropbox/IV_term/Uklady-elektroniki-cyfrowej2/Project/memory_game/uec2_project/vivado/.Xil/Vivado-11956-DESKTOP-5178MCU -force -exclude_run_results -include_local_ip_cache
INFO: [Coretcl 2-137] starting archive...
INFO: [Coretcl 2-1499] Saving project copy to temporary location 'C:/Users/Krzysztof/Dropbox/IV_term/Uklady-elektroniki-cyfrowej2/Project/memory_game/uec2_project/vivado/.Xil/Vivado-11956-DESKTOP-5178MCU' for archiving project
INFO: [ProjectBase 1-489] The host OS only allows 260 characters in a normal path. The project is stored in a path with more than 80 characters. If you experience issues with IP, Block Designs, or files not being found, please consider moving the project to a location with a shorter path. Alternately consider using the OS subst command to map part of the path to a drive letter.
Current project path is 'C:/Users/Krzysztof/Dropbox/IV_term/Uklady-elektroniki-cyfrowej2/Project/memory_game/uec2_project/vivado'
Scanning sources...
Finished scanning sources
INFO: [IP_Flow 19-234] Refreshing IP repositories
INFO: [IP_Flow 19-1704] No user IP repositories specified
INFO: [IP_Flow 19-2313] Loaded Vivado IP repository 'D:/Program_Files_Studies/Xilinx/Vivado/2017.3/data/ip'.
INFO: [Coretcl 2-1211] Creating project copy for archival...
INFO: [ProjectBase 1-495] The host OS only allows 260 characters in a normal path. The project is stored in a path with more than 80 characters. If you experience any problem with archiving the project, please consider setting environment variable $TEMP to a shorter path.
Current project path is 'C:/Users/Krzysztof/Dropbox/IV_term/Uklady-elektroniki-cyfrowej2/Project/memory_game/uec2_project/vivado/.Xil/Vivado-11956-DESKTOP-5178MCU/PrjAr/_X_'.
INFO: [Coretcl 2-135] resetting runs for excluding generated files from archive...
WARNING: [Coretcl 2-105] Run 'synth_1' is currently active
INFO: [Coretcl 2-133] re-setting run 'synth_1'...
INFO: [Coretcl 2-133] re-setting run 'impl_1'...
INFO: [Coretcl 2-1212] Importing remotely added design sources and verilog include files (if any)...
INFO: [filemgmt 20-348] Importing the appropriate files for fileset: 'constrs_1'
INFO: [filemgmt 20-348] Importing the appropriate files for fileset: 'sources_1'
INFO: [Coretcl 2-1209] Adding archive summary file to the project...
INFO: [Coretcl 2-1214] Preparing project files for archive...
INFO: [Coretcl 2-1210] Compressing project files and data...
INFO: [Coretcl 2-1215] Project archived (C:/Users/Krzysztof/Dropbox/IV_term/Uklady-elektroniki-cyfrowej2/Project/memory_game/uec2_project/backup/memory_game_07_07_2020.xpr.zip)
INFO: [Coretcl 2-1216] To view the archive summary log in GUI, double click on 'Design Sources->Text->archive_project_summary.txt', or open this file from the archived project directory.
exit
INFO: [Common 17-206] Exiting Vivado at Tue Jul  7 23:02:05 2020...
