
*** Running vivado
    with args -log top.vdi -applog -m64 -product Vivado -messageDb vivado.pb -mode batch -source top.tcl -notrace


****** Vivado v2017.3 (64-bit)
  **** SW Build 2018833 on Wed Oct  4 19:58:22 MDT 2017
  **** IP Build 2016188 on Wed Oct  4 21:52:56 MDT 2017
    ** Copyright 1986-2017 Xilinx, Inc. All Rights Reserved.

source top.tcl -notrace
Command: link_design -top top -part xc7a35tcpg236-1
Design is defaulting to srcset: sources_1
Design is defaulting to constrset: constrs_1
INFO: [Netlist 29-17] Analyzing 71 Unisim elements for replacement
INFO: [Netlist 29-28] Unisim Transformation completed in 0 CPU seconds
INFO: [Project 1-479] Netlist was created with Vivado 2017.3
INFO: [Device 21-403] Loading part xc7a35tcpg236-1
INFO: [Project 1-570] Preparing netlist for logic optimization
Parsing XDC File [c:/Users/Krzysztof/Dropbox/IV_term/Uklady-elektroniki-cyfrowej2/Project/memory_game/uec2_project/src/ip/clock_generator/clock_generator_board.xdc] for cell 'my_clock/inst'
Finished Parsing XDC File [c:/Users/Krzysztof/Dropbox/IV_term/Uklady-elektroniki-cyfrowej2/Project/memory_game/uec2_project/src/ip/clock_generator/clock_generator_board.xdc] for cell 'my_clock/inst'
Parsing XDC File [c:/Users/Krzysztof/Dropbox/IV_term/Uklady-elektroniki-cyfrowej2/Project/memory_game/uec2_project/src/ip/clock_generator/clock_generator.xdc] for cell 'my_clock/inst'
INFO: [Timing 38-35] Done setting XDC timing constraints. [c:/Users/Krzysztof/Dropbox/IV_term/Uklady-elektroniki-cyfrowej2/Project/memory_game/uec2_project/src/ip/clock_generator/clock_generator.xdc:57]
INFO: [Timing 38-2] Deriving generated clocks [c:/Users/Krzysztof/Dropbox/IV_term/Uklady-elektroniki-cyfrowej2/Project/memory_game/uec2_project/src/ip/clock_generator/clock_generator.xdc:57]
get_clocks: Time (s): cpu = 00:00:07 ; elapsed = 00:00:07 . Memory (MB): peak = 1041.344 ; gain = 511.117
Finished Parsing XDC File [c:/Users/Krzysztof/Dropbox/IV_term/Uklady-elektroniki-cyfrowej2/Project/memory_game/uec2_project/src/ip/clock_generator/clock_generator.xdc] for cell 'my_clock/inst'
Parsing XDC File [C:/Users/Krzysztof/Dropbox/IV_term/Uklady-elektroniki-cyfrowej2/Project/memory_game/uec2_project/src/basys3_constraints.xdc]
Finished Parsing XDC File [C:/Users/Krzysztof/Dropbox/IV_term/Uklady-elektroniki-cyfrowej2/Project/memory_game/uec2_project/src/basys3_constraints.xdc]
Parsing XDC File [c:/Users/Krzysztof/Dropbox/IV_term/Uklady-elektroniki-cyfrowej2/Project/memory_game/uec2_project/src/ip/clock_generator/clock_generator_late.xdc] for cell 'my_clock/inst'
Finished Parsing XDC File [c:/Users/Krzysztof/Dropbox/IV_term/Uklady-elektroniki-cyfrowej2/Project/memory_game/uec2_project/src/ip/clock_generator/clock_generator_late.xdc] for cell 'my_clock/inst'
INFO: [Opt 31-138] Pushed 0 inverter(s) to 0 load pin(s).
WARNING: [Runs 36-115] Could not delete directory 'C:/Users/Krzysztof/Dropbox/IV_term/Uklady-elektroniki-cyfrowej2/Project/memory_game/uec2_project/vivado/memory_game.runs/impl_1/.Xil/Vivado-264-DESKTOP-5178MCU/dcp5'.
INFO: [Project 1-111] Unisim Transformation Summary:
  A total of 2 instances were transformed.
  IOBUF => IOBUF (IBUF, OBUFT): 2 instances

9 Infos, 1 Warnings, 0 Critical Warnings and 0 Errors encountered.
link_design completed successfully
link_design: Time (s): cpu = 00:00:10 ; elapsed = 00:00:11 . Memory (MB): peak = 1041.344 ; gain = 789.613
Command: opt_design
Attempting to get a license for feature 'Implementation' and/or device 'xc7a35t'
INFO: [Common 17-349] Got license for feature 'Implementation' and/or device 'xc7a35t'
Running DRC as a precondition to command opt_design

Starting DRC Task
INFO: [DRC 23-27] Running DRC with 2 threads
INFO: [Project 1-461] DRC finished with 0 Errors
INFO: [Project 1-462] Please refer to the DRC report (report_drc) for more information.

Time (s): cpu = 00:00:01 ; elapsed = 00:00:00.409 . Memory (MB): peak = 1041.344 ; gain = 0.000
INFO: [Timing 38-35] Done setting XDC timing constraints.

Starting Logic Optimization Task

Phase 1 Retarget
INFO: [Opt 31-138] Pushed 0 inverter(s) to 0 load pin(s).
INFO: [Opt 31-49] Retargeted 0 cell(s).
Phase 1 Retarget | Checksum: 1e309d208

Time (s): cpu = 00:00:00 ; elapsed = 00:00:00.047 . Memory (MB): peak = 1049.691 ; gain = 0.000
INFO: [Opt 31-389] Phase Retarget created 0 cells and removed 2 cells

Phase 2 Constant propagation
INFO: [Opt 31-138] Pushed 0 inverter(s) to 0 load pin(s).
Phase 2 Constant propagation | Checksum: 1310ee8df

Time (s): cpu = 00:00:00 ; elapsed = 00:00:00.060 . Memory (MB): peak = 1049.691 ; gain = 0.000
INFO: [Opt 31-389] Phase Constant propagation created 0 cells and removed 0 cells

Phase 3 Sweep
Phase 3 Sweep | Checksum: 195963ea3

Time (s): cpu = 00:00:00 ; elapsed = 00:00:00.077 . Memory (MB): peak = 1049.691 ; gain = 0.000
INFO: [Opt 31-389] Phase Sweep created 6 cells and removed 0 cells

Phase 4 BUFG optimization
Phase 4 BUFG optimization | Checksum: 195963ea3

Time (s): cpu = 00:00:00 ; elapsed = 00:00:00.093 . Memory (MB): peak = 1049.691 ; gain = 0.000
INFO: [Opt 31-389] Phase BUFG optimization created 0 cells and removed 0 cells

Phase 5 Shift Register Optimization
Phase 5 Shift Register Optimization | Checksum: 195963ea3

Time (s): cpu = 00:00:00 ; elapsed = 00:00:00.102 . Memory (MB): peak = 1049.691 ; gain = 0.000
INFO: [Opt 31-389] Phase Shift Register Optimization created 0 cells and removed 0 cells

Starting Connectivity Check Task

Time (s): cpu = 00:00:00 ; elapsed = 00:00:00.002 . Memory (MB): peak = 1049.691 ; gain = 0.000
Ending Logic Optimization Task | Checksum: 172b86282

Time (s): cpu = 00:00:00 ; elapsed = 00:00:00.111 . Memory (MB): peak = 1049.691 ; gain = 0.000

Starting Power Optimization Task
INFO: [Pwropt 34-132] Skipping clock gating for clocks with a period < 2.00 ns.
INFO: [Pwropt 34-9] Applying IDT optimizations ...
INFO: [Pwropt 34-10] Applying ODC optimizations ...
INFO: [Timing 38-35] Done setting XDC timing constraints.
INFO: [Physopt 32-619] Estimated Timing Summary | WNS=3.473 | TNS=0.000 |
Running Vector-less Activity Propagation...

Finished Running Vector-less Activity Propagation


Starting PowerOpt Patch Enables Task
INFO: [Pwropt 34-162] WRITE_MODE attribute of 0 BRAM(s) out of a total of 2 has been updated to save power. Run report_power_opt to get a complete listing of the BRAMs updated.
INFO: [Pwropt 34-201] Structural ODC has moved 0 WE to EN ports
Number of BRAM Ports augmented: 0 newly gated: 0 Total Ports: 4
Ending PowerOpt Patch Enables Task | Checksum: 1191391fc

Time (s): cpu = 00:00:00 ; elapsed = 00:00:00.009 . Memory (MB): peak = 1223.391 ; gain = 0.000
Ending Power Optimization Task | Checksum: 1191391fc

Time (s): cpu = 00:00:01 ; elapsed = 00:00:00.668 . Memory (MB): peak = 1223.391 ; gain = 173.699
INFO: [Common 17-83] Releasing license: Implementation
30 Infos, 1 Warnings, 0 Critical Warnings and 0 Errors encountered.
opt_design completed successfully
Writing placer database...
Writing XDEF routing.
Writing XDEF routing logical nets.
Writing XDEF routing special nets.
Write XDEF Complete: Time (s): cpu = 00:00:00 ; elapsed = 00:00:00.025 . Memory (MB): peak = 1223.391 ; gain = 0.000
INFO: [Common 17-1381] The checkpoint 'C:/Users/Krzysztof/Dropbox/IV_term/Uklady-elektroniki-cyfrowej2/Project/memory_game/uec2_project/vivado/memory_game.runs/impl_1/top_opt.dcp' has been generated.
INFO: [runtcl-4] Executing : report_drc -file top_drc_opted.rpt -pb top_drc_opted.pb -rpx top_drc_opted.rpx
Command: report_drc -file top_drc_opted.rpt -pb top_drc_opted.pb -rpx top_drc_opted.rpx
INFO: [DRC 23-27] Running DRC with 2 threads
INFO: [Coretcl 2-168] The results of DRC are in file C:/Users/Krzysztof/Dropbox/IV_term/Uklady-elektroniki-cyfrowej2/Project/memory_game/uec2_project/vivado/memory_game.runs/impl_1/top_drc_opted.rpt.
report_drc completed successfully
INFO: [Chipscope 16-241] No debug cores found in the current design.
Before running the implement_debug_core command, either use the Set Up Debug wizard (GUI mode)
or use the create_debug_core and connect_debug_core Tcl commands to insert debug cores into the design.
Command: place_design
Attempting to get a license for feature 'Implementation' and/or device 'xc7a35t'
INFO: [Common 17-349] Got license for feature 'Implementation' and/or device 'xc7a35t'
INFO: [DRC 23-27] Running DRC with 2 threads
INFO: [Vivado_Tcl 4-198] DRC finished with 0 Errors
INFO: [Vivado_Tcl 4-199] Please refer to the DRC report (report_drc) for more information.
Running DRC as a precondition to command place_design
INFO: [DRC 23-27] Running DRC with 2 threads
INFO: [Vivado_Tcl 4-198] DRC finished with 0 Errors
INFO: [Vivado_Tcl 4-199] Please refer to the DRC report (report_drc) for more information.

Starting Placer Task
INFO: [Place 30-611] Multithreading enabled for place_design using a maximum of 2 CPUs

Phase 1 Placer Initialization

Phase 1.1 Placer Initialization Netlist Sorting
Netlist sorting complete. Time (s): cpu = 00:00:00 ; elapsed = 00:00:00.001 . Memory (MB): peak = 1223.391 ; gain = 0.000
Phase 1.1 Placer Initialization Netlist Sorting | Checksum: d2e9b26e

Time (s): cpu = 00:00:00 ; elapsed = 00:00:00.002 . Memory (MB): peak = 1223.391 ; gain = 0.000
INFO: [Timing 38-35] Done setting XDC timing constraints.
INFO: [Opt 31-138] Pushed 0 inverter(s) to 0 load pin(s).
Netlist sorting complete. Time (s): cpu = 00:00:00 ; elapsed = 00:00:00 . Memory (MB): peak = 1223.391 ; gain = 0.000

Phase 1.2 IO Placement/ Clock Placement/ Build Placer Device
INFO: [Timing 38-35] Done setting XDC timing constraints.
Phase 1.2 IO Placement/ Clock Placement/ Build Placer Device | Checksum: 19d8f01c9

Time (s): cpu = 00:00:00 ; elapsed = 00:00:00.522 . Memory (MB): peak = 1223.391 ; gain = 0.000

Phase 1.3 Build Placer Netlist Model
Phase 1.3 Build Placer Netlist Model | Checksum: 207422682

Time (s): cpu = 00:00:01 ; elapsed = 00:00:00.689 . Memory (MB): peak = 1223.391 ; gain = 0.000

Phase 1.4 Constrain Clocks/Macros
Phase 1.4 Constrain Clocks/Macros | Checksum: 207422682

Time (s): cpu = 00:00:01 ; elapsed = 00:00:00.692 . Memory (MB): peak = 1223.391 ; gain = 0.000
Phase 1 Placer Initialization | Checksum: 207422682

Time (s): cpu = 00:00:01 ; elapsed = 00:00:00.693 . Memory (MB): peak = 1223.391 ; gain = 0.000

Phase 2 Global Placement
Phase 2 Global Placement | Checksum: 1527aa6d2

Time (s): cpu = 00:00:02 ; elapsed = 00:00:01 . Memory (MB): peak = 1223.391 ; gain = 0.000

Phase 3 Detail Placement

Phase 3.1 Commit Multi Column Macros
Phase 3.1 Commit Multi Column Macros | Checksum: 1527aa6d2

Time (s): cpu = 00:00:02 ; elapsed = 00:00:01 . Memory (MB): peak = 1223.391 ; gain = 0.000

Phase 3.2 Commit Most Macros & LUTRAMs
Phase 3.2 Commit Most Macros & LUTRAMs | Checksum: 1c3d5053f

Time (s): cpu = 00:00:02 ; elapsed = 00:00:02 . Memory (MB): peak = 1223.391 ; gain = 0.000

Phase 3.3 Area Swap Optimization
Phase 3.3 Area Swap Optimization | Checksum: 227535ec1

Time (s): cpu = 00:00:02 ; elapsed = 00:00:02 . Memory (MB): peak = 1223.391 ; gain = 0.000

Phase 3.4 Pipeline Register Optimization
Phase 3.4 Pipeline Register Optimization | Checksum: 265ebf20c

Time (s): cpu = 00:00:02 ; elapsed = 00:00:02 . Memory (MB): peak = 1223.391 ; gain = 0.000

Phase 3.5 Small Shape Detail Placement
Phase 3.5 Small Shape Detail Placement | Checksum: 1de676c2c

Time (s): cpu = 00:00:02 ; elapsed = 00:00:02 . Memory (MB): peak = 1223.391 ; gain = 0.000

Phase 3.6 Re-assign LUT pins
Phase 3.6 Re-assign LUT pins | Checksum: 1c3965e53

Time (s): cpu = 00:00:02 ; elapsed = 00:00:02 . Memory (MB): peak = 1223.391 ; gain = 0.000

Phase 3.7 Pipeline Register Optimization
Phase 3.7 Pipeline Register Optimization | Checksum: 1c3965e53

Time (s): cpu = 00:00:02 ; elapsed = 00:00:02 . Memory (MB): peak = 1223.391 ; gain = 0.000
Phase 3 Detail Placement | Checksum: 1c3965e53

Time (s): cpu = 00:00:02 ; elapsed = 00:00:02 . Memory (MB): peak = 1223.391 ; gain = 0.000

Phase 4 Post Placement Optimization and Clean-Up

Phase 4.1 Post Commit Optimization
INFO: [Timing 38-35] Done setting XDC timing constraints.

Phase 4.1.1 Post Placement Optimization
Post Placement Optimization Initialization | Checksum: 1f77b3200

Phase 4.1.1.1 BUFG Insertion
INFO: [Physopt 32-721] Multithreading enabled for phys_opt_design using a maximum of 2 CPUs
INFO: [Place 46-31] BUFG insertion identified 0 candidate nets, 0 success, 0 skipped for placement/routing, 0 skipped for timing, 0 skipped for netlist change reason.
Phase 4.1.1.1 BUFG Insertion | Checksum: 1f77b3200

Time (s): cpu = 00:00:03 ; elapsed = 00:00:02 . Memory (MB): peak = 1223.391 ; gain = 0.000
INFO: [Place 30-746] Post Placement Timing Summary WNS=3.021. For the most accurate timing information please run report_timing.
Phase 4.1.1 Post Placement Optimization | Checksum: 212e8ef70

Time (s): cpu = 00:00:03 ; elapsed = 00:00:02 . Memory (MB): peak = 1223.391 ; gain = 0.000
Phase 4.1 Post Commit Optimization | Checksum: 212e8ef70

Time (s): cpu = 00:00:03 ; elapsed = 00:00:02 . Memory (MB): peak = 1223.391 ; gain = 0.000

Phase 4.2 Post Placement Cleanup
Phase 4.2 Post Placement Cleanup | Checksum: 212e8ef70

Time (s): cpu = 00:00:03 ; elapsed = 00:00:02 . Memory (MB): peak = 1223.391 ; gain = 0.000

Phase 4.3 Placer Reporting
Phase 4.3 Placer Reporting | Checksum: 212e8ef70

Time (s): cpu = 00:00:03 ; elapsed = 00:00:02 . Memory (MB): peak = 1223.391 ; gain = 0.000

Phase 4.4 Final Placement Cleanup
Phase 4.4 Final Placement Cleanup | Checksum: 22ed48292

Time (s): cpu = 00:00:03 ; elapsed = 00:00:02 . Memory (MB): peak = 1223.391 ; gain = 0.000
Phase 4 Post Placement Optimization and Clean-Up | Checksum: 22ed48292

Time (s): cpu = 00:00:03 ; elapsed = 00:00:02 . Memory (MB): peak = 1223.391 ; gain = 0.000
Ending Placer Task | Checksum: 19ff1f274

Time (s): cpu = 00:00:03 ; elapsed = 00:00:02 . Memory (MB): peak = 1223.391 ; gain = 0.000
INFO: [Common 17-83] Releasing license: Implementation
51 Infos, 1 Warnings, 0 Critical Warnings and 0 Errors encountered.
place_design completed successfully
Writing placer database...
Writing XDEF routing.
Writing XDEF routing logical nets.
Writing XDEF routing special nets.
Write XDEF Complete: Time (s): cpu = 00:00:00 ; elapsed = 00:00:00.071 . Memory (MB): peak = 1223.391 ; gain = 0.000
INFO: [Common 17-1381] The checkpoint 'C:/Users/Krzysztof/Dropbox/IV_term/Uklady-elektroniki-cyfrowej2/Project/memory_game/uec2_project/vivado/memory_game.runs/impl_1/top_placed.dcp' has been generated.
INFO: [runtcl-4] Executing : report_io -file top_io_placed.rpt
report_io: Time (s): cpu = 00:00:00 ; elapsed = 00:00:00.028 . Memory (MB): peak = 1223.391 ; gain = 0.000
INFO: [runtcl-4] Executing : report_utilization -file top_utilization_placed.rpt -pb top_utilization_placed.pb
report_utilization: Time (s): cpu = 00:00:00 ; elapsed = 00:00:00.030 . Memory (MB): peak = 1223.391 ; gain = 0.000
INFO: [runtcl-4] Executing : report_control_sets -file top_control_sets_placed.rpt
report_control_sets: Time (s): cpu = 00:00:00 ; elapsed = 00:00:00.004 . Memory (MB): peak = 1223.391 ; gain = 0.000
Command: route_design
Attempting to get a license for feature 'Implementation' and/or device 'xc7a35t'
INFO: [Common 17-349] Got license for feature 'Implementation' and/or device 'xc7a35t'
Running DRC as a precondition to command route_design
INFO: [DRC 23-27] Running DRC with 2 threads
INFO: [Vivado_Tcl 4-198] DRC finished with 0 Errors
INFO: [Vivado_Tcl 4-199] Please refer to the DRC report (report_drc) for more information.


Starting Routing Task
INFO: [Route 35-254] Multithreading enabled for route_design using a maximum of 2 CPUs
Checksum: PlaceDB: c304e37b ConstDB: 0 ShapeSum: dced0ef9 RouteDB: 0

Phase 1 Build RT Design
Phase 1 Build RT Design | Checksum: a772a211

Time (s): cpu = 00:00:12 ; elapsed = 00:00:11 . Memory (MB): peak = 1223.391 ; gain = 0.000
Post Restoration Checksum: NetGraph: 405e141e NumContArr: 67148df3 Constraints: 0 Timing: 0

Phase 2 Router Initialization

Phase 2.1 Create Timer
Phase 2.1 Create Timer | Checksum: a772a211

Time (s): cpu = 00:00:12 ; elapsed = 00:00:11 . Memory (MB): peak = 1223.391 ; gain = 0.000

Phase 2.2 Fix Topology Constraints
Phase 2.2 Fix Topology Constraints | Checksum: a772a211

Time (s): cpu = 00:00:12 ; elapsed = 00:00:11 . Memory (MB): peak = 1223.391 ; gain = 0.000

Phase 2.3 Pre Route Cleanup
Phase 2.3 Pre Route Cleanup | Checksum: a772a211

Time (s): cpu = 00:00:12 ; elapsed = 00:00:11 . Memory (MB): peak = 1223.391 ; gain = 0.000
 Number of Nodes with overlaps = 0

Phase 2.4 Update Timing
Phase 2.4 Update Timing | Checksum: 1c6be57de

Time (s): cpu = 00:00:13 ; elapsed = 00:00:11 . Memory (MB): peak = 1223.391 ; gain = 0.000
INFO: [Route 35-416] Intermediate Timing Summary | WNS=3.023  | TNS=0.000  | WHS=-0.370 | THS=-15.568|

Phase 2 Router Initialization | Checksum: 1d033985e

Time (s): cpu = 00:00:13 ; elapsed = 00:00:11 . Memory (MB): peak = 1223.391 ; gain = 0.000

Phase 3 Initial Routing
Phase 3 Initial Routing | Checksum: ce2b06d3

Time (s): cpu = 00:00:13 ; elapsed = 00:00:11 . Memory (MB): peak = 1223.391 ; gain = 0.000

Phase 4 Rip-up And Reroute

Phase 4.1 Global Iteration 0
 Number of Nodes with overlaps = 63
 Number of Nodes with overlaps = 2
 Number of Nodes with overlaps = 0
INFO: [Route 35-416] Intermediate Timing Summary | WNS=2.110  | TNS=0.000  | WHS=N/A    | THS=N/A    |

Phase 4.1 Global Iteration 0 | Checksum: 1c42826f8

Time (s): cpu = 00:00:13 ; elapsed = 00:00:11 . Memory (MB): peak = 1223.391 ; gain = 0.000

Phase 4.2 Global Iteration 1
 Number of Nodes with overlaps = 0
INFO: [Route 35-416] Intermediate Timing Summary | WNS=2.110  | TNS=0.000  | WHS=N/A    | THS=N/A    |

Phase 4.2 Global Iteration 1 | Checksum: 1cef52511

Time (s): cpu = 00:00:13 ; elapsed = 00:00:11 . Memory (MB): peak = 1223.391 ; gain = 0.000
Phase 4 Rip-up And Reroute | Checksum: 1cef52511

Time (s): cpu = 00:00:13 ; elapsed = 00:00:11 . Memory (MB): peak = 1223.391 ; gain = 0.000

Phase 5 Delay and Skew Optimization

Phase 5.1 Delay CleanUp
Phase 5.1 Delay CleanUp | Checksum: 1cef52511

Time (s): cpu = 00:00:13 ; elapsed = 00:00:11 . Memory (MB): peak = 1223.391 ; gain = 0.000

Phase 5.2 Clock Skew Optimization
Phase 5.2 Clock Skew Optimization | Checksum: 1cef52511

Time (s): cpu = 00:00:13 ; elapsed = 00:00:11 . Memory (MB): peak = 1223.391 ; gain = 0.000
Phase 5 Delay and Skew Optimization | Checksum: 1cef52511

Time (s): cpu = 00:00:13 ; elapsed = 00:00:11 . Memory (MB): peak = 1223.391 ; gain = 0.000

Phase 6 Post Hold Fix

Phase 6.1 Hold Fix Iter

Phase 6.1.1 Update Timing
Phase 6.1.1 Update Timing | Checksum: 251313f17

Time (s): cpu = 00:00:13 ; elapsed = 00:00:11 . Memory (MB): peak = 1223.391 ; gain = 0.000
INFO: [Route 35-416] Intermediate Timing Summary | WNS=2.110  | TNS=0.000  | WHS=0.105  | THS=0.000  |

Phase 6.1 Hold Fix Iter | Checksum: 263355c1d

Time (s): cpu = 00:00:13 ; elapsed = 00:00:11 . Memory (MB): peak = 1223.391 ; gain = 0.000
Phase 6 Post Hold Fix | Checksum: 263355c1d

Time (s): cpu = 00:00:13 ; elapsed = 00:00:11 . Memory (MB): peak = 1223.391 ; gain = 0.000

Phase 7 Route finalize

Router Utilization Summary
  Global Vertical Routing Utilization    = 0.242605 %
  Global Horizontal Routing Utilization  = 0.202108 %
  Routable Net Status*
  *Does not include unroutable nets such as driverless and loadless.
  Run report_route_status for detailed report.
  Number of Failed Nets               = 0
  Number of Unrouted Nets             = 0
  Number of Partially Routed Nets     = 0
  Number of Node Overlaps             = 0

Phase 7 Route finalize | Checksum: 2270cbd48

Time (s): cpu = 00:00:13 ; elapsed = 00:00:11 . Memory (MB): peak = 1223.391 ; gain = 0.000

Phase 8 Verifying routed nets

 Verification completed successfully
Phase 8 Verifying routed nets | Checksum: 2270cbd48

Time (s): cpu = 00:00:13 ; elapsed = 00:00:11 . Memory (MB): peak = 1223.391 ; gain = 0.000

Phase 9 Depositing Routes
Phase 9 Depositing Routes | Checksum: 18465b442

Time (s): cpu = 00:00:13 ; elapsed = 00:00:12 . Memory (MB): peak = 1223.391 ; gain = 0.000

Phase 10 Post Router Timing
INFO: [Route 35-57] Estimated Timing Summary | WNS=2.110  | TNS=0.000  | WHS=0.105  | THS=0.000  |

INFO: [Route 35-327] The final timing numbers are based on the router estimated timing analysis. For a complete and accurate timing signoff, please run report_timing_summary.
Phase 10 Post Router Timing | Checksum: 18465b442

Time (s): cpu = 00:00:13 ; elapsed = 00:00:12 . Memory (MB): peak = 1223.391 ; gain = 0.000
INFO: [Route 35-16] Router Completed Successfully

Time (s): cpu = 00:00:13 ; elapsed = 00:00:12 . Memory (MB): peak = 1223.391 ; gain = 0.000

Routing Is Done.
INFO: [Common 17-83] Releasing license: Implementation
68 Infos, 1 Warnings, 0 Critical Warnings and 0 Errors encountered.
route_design completed successfully
route_design: Time (s): cpu = 00:00:14 ; elapsed = 00:00:12 . Memory (MB): peak = 1223.391 ; gain = 0.000
Writing placer database...
Writing XDEF routing.
Writing XDEF routing logical nets.
Writing XDEF routing special nets.
Write XDEF Complete: Time (s): cpu = 00:00:01 ; elapsed = 00:00:00.087 . Memory (MB): peak = 1223.391 ; gain = 0.000
INFO: [Common 17-1381] The checkpoint 'C:/Users/Krzysztof/Dropbox/IV_term/Uklady-elektroniki-cyfrowej2/Project/memory_game/uec2_project/vivado/memory_game.runs/impl_1/top_routed.dcp' has been generated.
INFO: [runtcl-4] Executing : report_drc -file top_drc_routed.rpt -pb top_drc_routed.pb -rpx top_drc_routed.rpx
Command: report_drc -file top_drc_routed.rpt -pb top_drc_routed.pb -rpx top_drc_routed.rpx
INFO: [DRC 23-27] Running DRC with 2 threads
INFO: [Coretcl 2-168] The results of DRC are in file C:/Users/Krzysztof/Dropbox/IV_term/Uklady-elektroniki-cyfrowej2/Project/memory_game/uec2_project/vivado/memory_game.runs/impl_1/top_drc_routed.rpt.
report_drc completed successfully
INFO: [runtcl-4] Executing : report_methodology -file top_methodology_drc_routed.rpt -pb top_methodology_drc_routed.pb -rpx top_methodology_drc_routed.rpx
Command: report_methodology -file top_methodology_drc_routed.rpt -pb top_methodology_drc_routed.pb -rpx top_methodology_drc_routed.rpx
INFO: [Timing 38-35] Done setting XDC timing constraints.
INFO: [Timing 38-35] Done setting XDC timing constraints.
INFO: [DRC 23-133] Running Methodology with 2 threads
INFO: [Coretcl 2-1520] The results of Report Methodology are in file C:/Users/Krzysztof/Dropbox/IV_term/Uklady-elektroniki-cyfrowej2/Project/memory_game/uec2_project/vivado/memory_game.runs/impl_1/top_methodology_drc_routed.rpt.
report_methodology completed successfully
INFO: [runtcl-4] Executing : report_power -file top_power_routed.rpt -pb top_power_summary_routed.pb -rpx top_power_routed.rpx
Command: report_power -file top_power_routed.rpt -pb top_power_summary_routed.pb -rpx top_power_routed.rpx
INFO: [Timing 38-35] Done setting XDC timing constraints.
Running Vector-less Activity Propagation...

Finished Running Vector-less Activity Propagation
79 Infos, 1 Warnings, 0 Critical Warnings and 0 Errors encountered.
report_power completed successfully
INFO: [runtcl-4] Executing : report_route_status -file top_route_status.rpt -pb top_route_status.pb
INFO: [runtcl-4] Executing : report_timing_summary -file top_timing_summary_routed.rpt -warn_on_violation  -rpx top_timing_summary_routed.rpx
INFO: [Timing 38-91] UpdateTimingParams: Speed grade: -1, Delay Type: min_max.
INFO: [Timing 38-191] Multithreading enabled for timing update using a maximum of 2 CPUs
INFO: [runtcl-4] Executing : report_incremental_reuse -file top_incremental_reuse_routed.rpt
INFO: [Vivado_Tcl 4-545] No incremental reuse to report, no incremental placement and routing data was found.
INFO: [runtcl-4] Executing : report_clock_utilization -file top_clock_utilization_routed.rpt
Command: write_bitstream -force top.bit
Attempting to get a license for feature 'Implementation' and/or device 'xc7a35t'
INFO: [Common 17-349] Got license for feature 'Implementation' and/or device 'xc7a35t'
Running DRC as a precondition to command write_bitstream
INFO: [DRC 23-27] Running DRC with 2 threads
INFO: [Vivado 12-3199] DRC finished with 0 Errors
INFO: [Vivado 12-3200] Please refer to the DRC report (report_drc) for more information.
INFO: [Project 1-821] Please set project.enableDesignId to be 'true'.
INFO: [Designutils 20-2272] Running write_bitstream with 2 threads.
Loading data files...
Loading site data...
Loading route data...
Processing options...
Creating bitmap...
Creating bitstream...
Writing bitstream ./top.bit...
INFO: [Vivado 12-1842] Bitgen Completed Successfully.
INFO: [Project 1-120] WebTalk data collection is mandatory when using a WebPACK part without a full Vivado license. To see the specific WebTalk data collected for your design, open the usage_statistics_webtalk.html or usage_statistics_webtalk.xml file in the implementation directory.
INFO: [Common 17-83] Releasing license: Implementation
95 Infos, 1 Warnings, 0 Critical Warnings and 0 Errors encountered.
write_bitstream completed successfully
write_bitstream: Time (s): cpu = 00:00:09 ; elapsed = 00:00:08 . Memory (MB): peak = 1549.945 ; gain = 326.555
INFO: [Common 17-206] Exiting Vivado at Wed Jul  8 21:25:24 2020...
