Copyright 1986-2017 Xilinx, Inc. All Rights Reserved.
------------------------------------------------------------------------------------
| Tool Version : Vivado v.2017.3 (win64) Build 2018833 Wed Oct  4 19:58:22 MDT 2017
| Date         : Sat Jul 11 14:38:25 2020
| Host         : WOLVEPC running 64-bit major release  (build 9200)
| Command      : report_control_sets -file top_control_sets_placed.rpt
| Design       : top
| Device       : xc7a35t
------------------------------------------------------------------------------------

Control Set Information

Table of Contents
-----------------
1. Summary
2. Flip-Flop Distribution

1. Summary
----------

+-------------------------------+-------+
|             Status            | Count |
+-------------------------------+-------+
| Number of unique control sets |    28 |
+-------------------------------+-------+


2. Flip-Flop Distribution
-------------------------

+--------------+-----------------------+------------------------+-----------------+--------------+
| Clock Enable | Synchronous Set/Reset | Asynchronous Set/Reset | Total Registers | Total Slices |
+--------------+-----------------------+------------------------+-----------------+--------------+
| No           | No                    | No                     |              63 |           31 |
| No           | No                    | Yes                    |              32 |           15 |
| No           | Yes                   | No                     |             158 |           50 |
| Yes          | No                    | No                     |              49 |           16 |
| Yes          | No                    | Yes                    |              20 |            9 |
| Yes          | Yes                   | No                     |              51 |           16 |
+--------------+-----------------------+------------------------+-----------------+--------------+


